<?xml version="1.0" encoding="UTF-8" ?>
<testsuite failures="0" time="0.009" errors="0" skipped="0" tests="1" name="gov.hhs.fha.nhinc.AppTest">
  <properties>
    <property name="java.runtime.name" value="Java(TM) SE Runtime Environment"/>
    <property name="sun.boot.library.path" value="/System/Library/Java/JavaVirtualMachines/1.6.0.jdk/Contents/Libraries"/>
    <property name="java.vm.version" value="19.1-b02-334"/>
    <property name="awt.nativeDoubleBuffering" value="true"/>
    <property name="gopherProxySet" value="false"/>
    <property name="mrj.build" value="10M3326"/>
    <property name="java.vm.vendor" value="Apple Inc."/>
    <property name="java.vendor.url" value="http://www.apple.com/"/>
    <property name="path.separator" value=":"/>
    <property name="java.vm.name" value="Java HotSpot(TM) 64-Bit Server VM"/>
    <property name="file.encoding.pkg" value="sun.io"/>
    <property name="user.country" value="US"/>
    <property name="sun.java.launcher" value="SUN_STANDARD"/>
    <property name="sun.os.patch.level" value="unknown"/>
    <property name="java.vm.specification.name" value="Java Virtual Machine Specification"/>
    <property name="user.dir" value="/Users/nhin/src/KMR/Common/KMRCommonLib"/>
    <property name="java.runtime.version" value="1.6.0_24-b07-334-10M3326"/>
    <property name="java.awt.graphicsenv" value="apple.awt.CGraphicsEnvironment"/>
    <property name="basedir" value="/Users/nhin/src/KMR/Common/KMRCommonLib"/>
    <property name="java.endorsed.dirs" value="/System/Library/Java/JavaVirtualMachines/1.6.0.jdk/Contents/Home/lib/endorsed"/>
    <property name="os.arch" value="x86_64"/>
    <property name="surefire.real.class.path" value="/Users/nhin/src/KMR/Common/KMRCommonLib/target/surefire/surefirebooter4629079920935364694.jar"/>
    <property name="java.io.tmpdir" value="/var/folders/t0/t0JSSd9rFq4lSjaqWlnGjU+++TI/-Tmp-/"/>
    <property name="line.separator" value="
"/>
    <property name="java.vm.specification.vendor" value="Sun Microsystems Inc."/>
    <property name="os.name" value="Mac OS X"/>
    <property name="sun.jnu.encoding" value="MacRoman"/>
    <property name="java.library.path" value=".:/Library/Java/Extensions:/System/Library/Java/Extensions:/usr/lib/java"/>
    <property name="surefire.test.class.path" value="/Users/nhin/src/KMR/Common/KMRCommonLib/target/test-classes:/Users/nhin/src/KMR/Common/KMRCommonLib/target/classes:/Users/nhin/.m2/repository/junit/junit/3.8.1/junit-3.8.1.jar:/Users/nhin/.m2/repository/org/restlet/jee/org.restlet.ext.json/2.1-M4/org.restlet.ext.json-2.1-M4.jar:/Users/nhin/.m2/repository/org/restlet/jee/org.restlet.lib.org.json/2.0/org.restlet.lib.org.json-2.0.jar:/Users/nhin/.m2/repository/org/restlet/jee/org.restlet/2.1-M4/org.restlet-2.1-M4.jar:/Users/nhin/.m2/repository/org/osgi/org.osgi.core/4.0.0/org.osgi.core-4.0.0.jar:/Users/nhin/.m2/repository/org/restlet/jee/org.restlet.ext.servlet/2.1-M4/org.restlet.ext.servlet-2.1-M4.jar:/Users/nhin/.m2/repository/commons-logging/commons-logging/1.1.1/commons-logging-1.1.1.jar:/Users/nhin/.m2/repository/gov/hhs/fha/nhinc/AccountDAOMVN/1.0-SNAPSHOT/AccountDAOMVN-1.0-SNAPSHOT.jar:/Users/nhin/.m2/repository/org/hibernate/hibernate/3.0.5/hibernate-3.0.5.jar:/Users/nhin/.m2/repository/ehcache/ehcache/1.1/ehcache-1.1.jar:/Users/nhin/.m2/repository/cglib/cglib/2.0.2/cglib-2.0.2.jar:/Users/nhin/.m2/repository/asm/asm/1.4.3/asm-1.4.3.jar:/Users/nhin/.m2/repository/commons-collections/commons-collections/2.1.1/commons-collections-2.1.1.jar:/Users/nhin/.m2/repository/dom4j/dom4j/1.6/dom4j-1.6.jar:/Users/nhin/.m2/repository/javax/transaction/jta/1.0.1B/jta-1.0.1B.jar:/Users/nhin/.m2/repository/hibernate/antlr/2.7.5H3/antlr-2.7.5H3.jar:/Users/nhin/.m2/repository/com/thoughtworks/xstream/xstream/1.3.1/xstream-1.3.1.jar:/Users/nhin/.m2/repository/xpp3/xpp3_min/1.1.4c/xpp3_min-1.1.4c.jar:"/>
    <property name="java.specification.name" value="Java Platform API Specification"/>
    <property name="java.class.version" value="50.0"/>
    <property name="sun.management.compiler" value="HotSpot 64-Bit Server Compiler"/>
    <property name="maven.repo.local" value="/Users/nhin/.m2/repository"/>
    <property name="os.version" value="10.6.7"/>
    <property name="http.nonProxyHosts" value="local|*.local|169.254/16|*.169.254/16"/>
    <property name="user.home" value="/Users/nhin"/>
    <property name="user.timezone" value=""/>
    <property name="java.awt.printerjob" value="apple.awt.CPrinterJob"/>
    <property name="java.specification.version" value="1.6"/>
    <property name="file.encoding" value="MacRoman"/>
    <property name="user.name" value="nhin"/>
    <property name="java.class.path" value="/Users/nhin/src/KMR/Common/KMRCommonLib/target/test-classes:/Users/nhin/src/KMR/Common/KMRCommonLib/target/classes:/Users/nhin/.m2/repository/junit/junit/3.8.1/junit-3.8.1.jar:/Users/nhin/.m2/repository/org/restlet/jee/org.restlet.ext.json/2.1-M4/org.restlet.ext.json-2.1-M4.jar:/Users/nhin/.m2/repository/org/restlet/jee/org.restlet.lib.org.json/2.0/org.restlet.lib.org.json-2.0.jar:/Users/nhin/.m2/repository/org/restlet/jee/org.restlet/2.1-M4/org.restlet-2.1-M4.jar:/Users/nhin/.m2/repository/org/osgi/org.osgi.core/4.0.0/org.osgi.core-4.0.0.jar:/Users/nhin/.m2/repository/org/restlet/jee/org.restlet.ext.servlet/2.1-M4/org.restlet.ext.servlet-2.1-M4.jar:/Users/nhin/.m2/repository/commons-logging/commons-logging/1.1.1/commons-logging-1.1.1.jar:/Users/nhin/.m2/repository/gov/hhs/fha/nhinc/AccountDAOMVN/1.0-SNAPSHOT/AccountDAOMVN-1.0-SNAPSHOT.jar:/Users/nhin/.m2/repository/org/hibernate/hibernate/3.0.5/hibernate-3.0.5.jar:/Users/nhin/.m2/repository/ehcache/ehcache/1.1/ehcache-1.1.jar:/Users/nhin/.m2/repository/cglib/cglib/2.0.2/cglib-2.0.2.jar:/Users/nhin/.m2/repository/asm/asm/1.4.3/asm-1.4.3.jar:/Users/nhin/.m2/repository/commons-collections/commons-collections/2.1.1/commons-collections-2.1.1.jar:/Users/nhin/.m2/repository/dom4j/dom4j/1.6/dom4j-1.6.jar:/Users/nhin/.m2/repository/javax/transaction/jta/1.0.1B/jta-1.0.1B.jar:/Users/nhin/.m2/repository/hibernate/antlr/2.7.5H3/antlr-2.7.5H3.jar:/Users/nhin/.m2/repository/com/thoughtworks/xstream/xstream/1.3.1/xstream-1.3.1.jar:/Users/nhin/.m2/repository/xpp3/xpp3_min/1.1.4c/xpp3_min-1.1.4c.jar:"/>
    <property name="java.vm.specification.version" value="1.0"/>
    <property name="sun.arch.data.model" value="64"/>
    <property name="java.home" value="/System/Library/Java/JavaVirtualMachines/1.6.0.jdk/Contents/Home"/>
    <property name="netbeans.execution" value="true"/>
    <property name="java.specification.vendor" value="Sun Microsystems Inc."/>
    <property name="user.language" value="en"/>
    <property name="awt.toolkit" value="apple.awt.CToolkit"/>
    <property name="java.vm.info" value="mixed mode"/>
    <property name="java.version" value="1.6.0_24"/>
    <property name="java.ext.dirs" value="/Library/Java/Extensions:/System/Library/Java/Extensions:/System/Library/Java/JavaVirtualMachines/1.6.0.jdk/Contents/Home/lib/ext"/>
    <property name="sun.boot.class.path" value="/System/Library/Java/JavaVirtualMachines/1.6.0.jdk/Contents/Classes/jsfd.jar:/System/Library/Java/JavaVirtualMachines/1.6.0.jdk/Contents/Classes/classes.jar:/System/Library/Frameworks/JavaVM.framework/Frameworks/JavaRuntimeSupport.framework/Resources/Java/JavaRuntimeSupport.jar:/System/Library/Java/JavaVirtualMachines/1.6.0.jdk/Contents/Classes/ui.jar:/System/Library/Java/JavaVirtualMachines/1.6.0.jdk/Contents/Classes/laf.jar:/System/Library/Java/JavaVirtualMachines/1.6.0.jdk/Contents/Classes/sunrsasign.jar:/System/Library/Java/JavaVirtualMachines/1.6.0.jdk/Contents/Classes/jsse.jar:/System/Library/Java/JavaVirtualMachines/1.6.0.jdk/Contents/Classes/jce.jar:/System/Library/Java/JavaVirtualMachines/1.6.0.jdk/Contents/Classes/charsets.jar"/>
    <property name="java.vendor" value="Apple Inc."/>
    <property name="localRepository" value="/Users/nhin/.m2/repository"/>
    <property name="file.separator" value="/"/>
    <property name="java.vendor.url.bug" value="http://bugreport.apple.com/"/>
    <property name="sun.cpu.endian" value="little"/>
    <property name="sun.io.unicode.encoding" value="UnicodeLittle"/>
    <property name="mrj.version" value="1060.1.6.0_24-334"/>
    <property name="socksNonProxyHosts" value="local|*.local|169.254/16|*.169.254/16"/>
    <property name="ftp.nonProxyHosts" value="local|*.local|169.254/16|*.169.254/16"/>
    <property name="sun.cpu.isalist" value=""/>
  </properties>
  <testcase time="0.002" classname="gov.hhs.fha.nhinc.AppTest" name="testApp"/>
</testsuite>